
 ooooooooo.         .o.        o8o   .oooooo..o oooooooooo.
 `888   `Y88.      .888.       `"'  d8P'    `Y8 `888'   `Y8b
  888   .d88'     .8"888.     oooo  Y88bo.       888      888
  888ooo88P'     .8' `888.    `888   `"Y8888o.   888      888
  888`88b.      .88ooo8888.    888       `"Y88b  888      888
  888  `88b.   .8'     `888.   888  oo     .d8P  888     d88'
 o888o  o888o o88o     o8888o o888o 8""88888P'  o888bood8P'

 RAiSD, Raised Accuracy in Sweep Detection
 This is version 2.8 (released in April 2020)
 Copyright (C) 2017, and GNU GPL'd, by Nikolaos Alachiotis and Pavlos Pavlidis
 Contact n.alachiotis/pavlidisp at gmail.com

 Command: /home/taliadoros/software/raisd-master/RAiSD -I CM008501.1_analysis.recode.vcf -n Cb_Chr3.out -f -B 4196595 74465 -R -y 1 
 Samples: 89
 Format:  vcf

 A pattern structure of 43690 patterns (max. capacity) and approx. 2 MB memory footprint has been created.


 0: Set CM008501.1 | sites 74465 | snps 46823 | region 4196595 - Var 990806 3.715e+01 | SFS 452495 5.060e+00 | LD 1947289 5.000e+01 | MuStat 988688 1.973e+02

 Sets (total):     1
 Sets (processed): 1
 Sets (skipped):   0

 Total execution time 2.02081 seconds
 Total memory footprint 18532 kbytes

