
 ooooooooo.         .o.        o8o   .oooooo..o oooooooooo.
 `888   `Y88.      .888.       `"'  d8P'    `Y8 `888'   `Y8b
  888   .d88'     .8"888.     oooo  Y88bo.       888      888
  888ooo88P'     .8' `888.    `888   `"Y8888o.   888      888
  888`88b.      .88ooo8888.    888       `"Y88b  888      888
  888  `88b.   .8'     `888.   888  oo     .d8P  888     d88'
 o888o  o888o o88o     o8888o o888o 8""88888P'  o888bood8P'

 RAiSD, Raised Accuracy in Sweep Detection
 This is version 2.8 (released in April 2020)
 Copyright (C) 2017, and GNU GPL'd, by Nikolaos Alachiotis and Pavlos Pavlidis
 Contact n.alachiotis/pavlidisp at gmail.com

 Command: /home/taliadoros/software/raisd-master/RAiSD -I CM008504.1_analysis.recode.vcf -n Cb_Chr6.out -f -B 2985383 60399 -R -y 1 
 Samples: 89
 Format:  vcf

 A pattern structure of 43690 patterns (max. capacity) and approx. 2 MB memory footprint has been created.


 0: Set CM008504.1 | sites 60399 | snps 38846 | region 2985383 - Var 1194295 6.635e+01 | SFS 579481 5.060e+00 | LD 700563 5.000e+01 | MuStat 1834022 1.764e+02

 Sets (total):     1
 Sets (processed): 1
 Sets (skipped):   0

 Total execution time 1.69819 seconds
 Total memory footprint 13092 kbytes

