
 ooooooooo.         .o.        o8o   .oooooo..o oooooooooo.
 `888   `Y88.      .888.       `"'  d8P'    `Y8 `888'   `Y8b
  888   .d88'     .8"888.     oooo  Y88bo.       888      888
  888ooo88P'     .8' `888.    `888   `"Y8888o.   888      888
  888`88b.      .88ooo8888.    888       `"Y88b  888      888
  888  `88b.   .8'     `888.   888  oo     .d8P  888     d88'
 o888o  o888o o88o     o8888o o888o 8""88888P'  o888bood8P'

 RAiSD, Raised Accuracy in Sweep Detection
 This is version 2.8 (released in April 2020)
 Copyright (C) 2017, and GNU GPL'd, by Nikolaos Alachiotis and Pavlos Pavlidis
 Contact n.alachiotis/pavlidisp at gmail.com

 Command: /home/taliadoros/software/raisd-master/RAiSD -I CM008505.1_analysis.recode.vcf -n Cb_Chr7.out -f -B 2967425 69823 -R -y 1 
 Samples: 89
 Format:  vcf

 A pattern structure of 43690 patterns (max. capacity) and approx. 2 MB memory footprint has been created.


 0: Set CM008505.1 | sites 69823 | snps 44199 | region 2967425 - Var 1744824 2.844e+01 | SFS 136014 5.060e+00 | LD 129486 5.000e+01 | MuStat 597498 6.407e+02

 Sets (total):     1
 Sets (processed): 1
 Sets (skipped):   0

 Total execution time 1.90217 seconds
 Total memory footprint 17076 kbytes

